c:\users\mariali\source\repos\termproject\termproject\debug\vc141.pdb
c:\users\mariali\source\repos\termproject\termproject\debug\vc141.idb
c:\users\mariali\source\repos\termproject\termproject\debug\viewer.obj
c:\users\mariali\source\repos\termproject\termproject\debug\termproject.obj
c:\users\mariali\source\repos\termproject\termproject\debug\simulator.obj
c:\users\mariali\source\repos\termproject\termproject\debug\particle_system.obj
c:\users\mariali\source\repos\termproject\termproject\debug\particle.obj
c:\users\mariali\source\repos\termproject\termproject\debug\node.obj
c:\users\mariali\source\repos\termproject\termproject\debug\mass_spring.obj
c:\users\mariali\source\repos\termproject\termproject\debug\mass_cloth.obj
c:\users\mariali\source\repos\termproject\termproject\debug\hashtable.obj
c:\users\mariali\source\repos\termproject\termproject\debug\rigidbody.obj
c:\users\mariali\source\repos\termproject\debug\termproject.exe
c:\users\mariali\source\repos\termproject\debug\termproject.ilk
c:\users\mariali\source\repos\termproject\debug\termproject.pdb
c:\users\mariali\source\repos\termproject\termproject\debug\termproject.tlog\cl.command.1.tlog
c:\users\mariali\source\repos\termproject\termproject\debug\termproject.tlog\cl.read.1.tlog
c:\users\mariali\source\repos\termproject\termproject\debug\termproject.tlog\cl.write.1.tlog
c:\users\mariali\source\repos\termproject\termproject\debug\termproject.tlog\link.12704-cvtres.read.1.tlog
c:\users\mariali\source\repos\termproject\termproject\debug\termproject.tlog\link.12704-cvtres.write.1.tlog
c:\users\mariali\source\repos\termproject\termproject\debug\termproject.tlog\link.12704-rc.read.1.tlog
c:\users\mariali\source\repos\termproject\termproject\debug\termproject.tlog\link.12704-rc.write.1.tlog
c:\users\mariali\source\repos\termproject\termproject\debug\termproject.tlog\link.12704.read.1.tlog
c:\users\mariali\source\repos\termproject\termproject\debug\termproject.tlog\link.12704.write.1.tlog
c:\users\mariali\source\repos\termproject\termproject\debug\termproject.tlog\link.command.1.tlog
c:\users\mariali\source\repos\termproject\termproject\debug\termproject.tlog\link.read.1.tlog
c:\users\mariali\source\repos\termproject\termproject\debug\termproject.tlog\link.write.1.tlog
