  Hashtable.cpp
c:\users\mariali\source\repos\termproject\termproject\hashtable.cpp(14): warning C4244: '초기화 중': 'T'에서 'int'(으)로 변환하면서 데이터가 손실될 수 있습니다.
          with
          [
              T=float
          ]
c:\users\mariali\source\repos\termproject\termproject\hashtable.cpp(15): warning C4244: '초기화 중': 'T'에서 'int'(으)로 변환하면서 데이터가 손실될 수 있습니다.
          with
          [
              T=float
          ]
c:\users\mariali\source\repos\termproject\termproject\hashtable.cpp(16): warning C4244: '초기화 중': 'T'에서 'int'(으)로 변환하면서 데이터가 손실될 수 있습니다.
          with
          [
              T=float
          ]
c:\users\mariali\source\repos\termproject\termproject\hashtable.cpp(35): warning C4244: '초기화 중': 'double'에서 'int'(으)로 변환하면서 데이터가 손실될 수 있습니다.
c:\users\mariali\source\repos\termproject\termproject\hashtable.cpp(36): warning C4244: '초기화 중': 'double'에서 'int'(으)로 변환하면서 데이터가 손실될 수 있습니다.
c:\users\mariali\source\repos\termproject\termproject\hashtable.cpp(37): warning C4244: '초기화 중': 'double'에서 'int'(으)로 변환하면서 데이터가 손실될 수 있습니다.
  mass_cloth.cpp
c:\users\mariali\source\repos\termproject\termproject\mass_cloth.h(8): warning C4067: 전처리기 지시문 다음에 예기치 않은 토큰이 있습니다. 줄 바꿈 문자가 필요합니다.
c:\users\mariali\source\repos\termproject\termproject\mass_cloth.cpp(23): warning C4244: '=': 'double'에서 'float'(으)로 변환하면서 데이터가 손실될 수 있습니다.
c:\users\mariali\source\repos\termproject\termproject\mass_cloth.cpp(31): warning C4244: '=': 'double'에서 'float'(으)로 변환하면서 데이터가 손실될 수 있습니다.
  mass_spring.cpp
  Node.cpp
  particle.cpp
  particle_system.cpp
  Simulator.cpp
c:\users\mariali\source\repos\termproject\termproject\mass_cloth.h(8): warning C4067: 전처리기 지시문 다음에 예기치 않은 토큰이 있습니다. 줄 바꿈 문자가 필요합니다.
c:\users\mariali\source\repos\termproject\termproject\simulator.cpp(7): warning C4305: '=': 'double'에서 'float'(으)로 잘립니다.
c:\users\mariali\source\repos\termproject\termproject\simulator.cpp(55): warning C4305: '초기화 중': 'double'에서 'float'(으)로 잘립니다.
c:\users\mariali\source\repos\termproject\termproject\simulator.cpp(56): warning C4305: '초기화 중': 'double'에서 'float'(으)로 잘립니다.
c:\users\mariali\source\repos\termproject\termproject\simulator.cpp(58): warning C4305: '초기화 중': 'double'에서 'float'(으)로 잘립니다.
  TermProject.cpp
c:\users\mariali\source\repos\termproject\termproject\mass_cloth.h(8): warning C4067: 전처리기 지시문 다음에 예기치 않은 토큰이 있습니다. 줄 바꿈 문자가 필요합니다.
  Viewer.cpp
c:\users\mariali\source\repos\termproject\termproject\mass_cloth.h(8): warning C4067: 전처리기 지시문 다음에 예기치 않은 토큰이 있습니다. 줄 바꿈 문자가 필요합니다.
  코드를 생성하고 있습니다...
LINK : fatal error LNK1104: 'glew32.lib' 파일을 열 수 없습니다.
